<?xml version="1.0" encoding="UTF-8"?>
<testng-results ignored="0" total="4" passed="3" failed="1" skipped="0">
  <reporter-output>
  </reporter-output>
  <suite started-at="2018-08-18T19:03:31Z" name="Suite" finished-at="2018-08-18T19:04:39Z" duration-ms="67397">
    <groups>
    </groups>
    <test started-at="2018-08-18T19:03:31Z" name="Test" finished-at="2018-08-18T19:04:39Z" duration-ms="67397">
      <class name="testcases.CruiseDetails">
        <test-method is-config="true" signature="launchChromeBrowser()[pri:0, instance:testcases.CruiseDetails@1eb5174b]" started-at="2018-08-19T00:34:11Z" name="launchChromeBrowser" finished-at="2018-08-19T00:34:19Z" duration-ms="7301" status="PASS">
          <reporter-output>
          </reporter-output>
        </test-method> <!-- launchChromeBrowser -->
        <test-method signature="verifyCruiseDetails()[pri:0, instance:testcases.CruiseDetails@1eb5174b]" started-at="2018-08-19T00:34:19Z" name="verifyCruiseDetails" finished-at="2018-08-19T00:34:39Z" duration-ms="20079" status="FAIL">
          <exception class="org.openqa.selenium.NoSuchElementException">
            <message>
              <![CDATA[no such element: Unable to locate element: {"method":"xpath","selector":"//a[text='Cruises']"}  (Session info: chrome=68.0.3440.106)  (Driver info: chromedriver=2.38.552522 (437e6fbedfa8762dec75e2c5b3ddb86763dc9dcb),platform=Windows NT 10.0.17134 x86_64) (WARNING: The server did not provide any stacktrace information)Command duration or timeout: 20.08 secondsFor documentation on this error, please visit: http://seleniumhq.org/exceptions/no_such_element.htmlBuild info: version: '2.53.1', revision: 'a36b8b1', time: '2016-06-30 17:37:09'System info: host: 'DESKTOP-GQ5M48D', ip: '192.168.137.1', os.name: 'Windows 10', os.arch: 'amd64', os.version: '10.0', java.version: '9.0.4'Driver info: org.openqa.selenium.chrome.ChromeDriverCapabilities [{applicationCacheEnabled=false, rotatable=false, mobileEmulationEnabled=false, networkConnectionEnabled=false, chrome={chromedriverVersion=2.38.552522 (437e6fbedfa8762dec75e2c5b3ddb86763dc9dcb), userDataDir=C:\Users\ADMIN\AppData\Local\Temp\scoped_dir9124_32429}, takesHeapSnapshot=true, pageLoadStrategy=normal, databaseEnabled=false, handlesAlerts=true, hasTouchScreen=false, version=68.0.3440.106, platform=XP, browserConnectionEnabled=false, nativeEvents=true, acceptSslCerts=false, acceptInsecureCerts=false, locationContextEnabled=true, webStorageEnabled=true, browserName=chrome, takesScreenshot=true, javascriptEnabled=true, cssSelectorsEnabled=true, setWindowRect=true, unexpectedAlertBehaviour=}]Session ID: 9879edb6a936a040f29edf2e3e722513*** Element info: {Using=xpath, value=//a[text='Cruises']}]]>
            </message>
            <full-stacktrace>
              <![CDATA[org.openqa.selenium.NoSuchElementException: no such element: Unable to locate element: {"method":"xpath","selector":"//a[text='Cruises']"}  (Session info: chrome=68.0.3440.106)  (Driver info: chromedriver=2.38.552522 (437e6fbedfa8762dec75e2c5b3ddb86763dc9dcb),platform=Windows NT 10.0.17134 x86_64) (WARNING: The server did not provide any stacktrace information)Command duration or timeout: 20.08 secondsFor documentation on this error, please visit: http://seleniumhq.org/exceptions/no_such_element.htmlBuild info: version: '2.53.1', revision: 'a36b8b1', time: '2016-06-30 17:37:09'System info: host: 'DESKTOP-GQ5M48D', ip: '192.168.137.1', os.name: 'Windows 10', os.arch: 'amd64', os.version: '10.0', java.version: '9.0.4'Driver info: org.openqa.selenium.chrome.ChromeDriverCapabilities [{applicationCacheEnabled=false, rotatable=false, mobileEmulationEnabled=false, networkConnectionEnabled=false, chrome={chromedriverVersion=2.38.552522 (437e6fbedfa8762dec75e2c5b3ddb86763dc9dcb), userDataDir=C:\Users\ADMIN\AppData\Local\Temp\scoped_dir9124_32429}, takesHeapSnapshot=true, pageLoadStrategy=normal, databaseEnabled=false, handlesAlerts=true, hasTouchScreen=false, version=68.0.3440.106, platform=XP, browserConnectionEnabled=false, nativeEvents=true, acceptSslCerts=false, acceptInsecureCerts=false, locationContextEnabled=true, webStorageEnabled=true, browserName=chrome, takesScreenshot=true, javascriptEnabled=true, cssSelectorsEnabled=true, setWindowRect=true, unexpectedAlertBehaviour=}]Session ID: 9879edb6a936a040f29edf2e3e722513*** Element info: {Using=xpath, value=//a[text='Cruises']}at java.base/jdk.internal.reflect.NativeConstructorAccessorImpl.newInstance0(Native Method)at java.base/jdk.internal.reflect.NativeConstructorAccessorImpl.newInstance(Unknown Source)at java.base/jdk.internal.reflect.DelegatingConstructorAccessorImpl.newInstance(Unknown Source)at java.base/java.lang.reflect.Constructor.newInstance(Unknown Source)at org.openqa.selenium.remote.ErrorHandler.createThrowable(ErrorHandler.java:206)at org.openqa.selenium.remote.ErrorHandler.throwIfResponseFailed(ErrorHandler.java:158)at org.openqa.selenium.remote.RemoteWebDriver.execute(RemoteWebDriver.java:678)at org.openqa.selenium.remote.RemoteWebDriver.findElement(RemoteWebDriver.java:363)at org.openqa.selenium.remote.RemoteWebDriver.findElementByXPath(RemoteWebDriver.java:500)at org.openqa.selenium.By$ByXPath.findElement(By.java:361)at org.openqa.selenium.remote.RemoteWebDriver.findElement(RemoteWebDriver.java:355)at org.openqa.selenium.support.pagefactory.DefaultElementLocator.findElement(DefaultElementLocator.java:69)at org.openqa.selenium.support.pagefactory.internal.LocatingElementHandler.invoke(LocatingElementHandler.java:38)at com.sun.proxy.$Proxy11.click(Unknown Source)at pom.HomePage.clickCruiseLink(HomePage.java:76)at testcases.CruiseDetails.verifyCruiseDetails(CruiseDetails.java:14)at java.base/jdk.internal.reflect.NativeMethodAccessorImpl.invoke0(Native Method)at java.base/jdk.internal.reflect.NativeMethodAccessorImpl.invoke(Unknown Source)at java.base/jdk.internal.reflect.DelegatingMethodAccessorImpl.invoke(Unknown Source)at java.base/java.lang.reflect.Method.invoke(Unknown Source)at org.testng.internal.MethodInvocationHelper.invokeMethod(MethodInvocationHelper.java:124)at org.testng.internal.Invoker.invokeMethod(Invoker.java:571)at org.testng.internal.Invoker.invokeTestMethod(Invoker.java:707)at org.testng.internal.Invoker.invokeTestMethods(Invoker.java:979)at org.testng.internal.TestMethodWorker.invokeTestMethods(TestMethodWorker.java:125)at org.testng.internal.TestMethodWorker.run(TestMethodWorker.java:109)at org.testng.TestRunner.privateRun(TestRunner.java:648)at org.testng.TestRunner.run(TestRunner.java:505)at org.testng.SuiteRunner.runTest(SuiteRunner.java:455)at org.testng.SuiteRunner.runSequentially(SuiteRunner.java:450)at org.testng.SuiteRunner.privateRun(SuiteRunner.java:415)at org.testng.SuiteRunner.run(SuiteRunner.java:364)at org.testng.SuiteRunnerWorker.runSuite(SuiteRunnerWorker.java:52)at org.testng.SuiteRunnerWorker.run(SuiteRunnerWorker.java:84)at org.testng.TestNG.runSuitesSequentially(TestNG.java:1187)at org.testng.TestNG.runSuitesLocally(TestNG.java:1116)at org.testng.TestNG.runSuites(TestNG.java:1028)at org.testng.TestNG.run(TestNG.java:996)at org.testng.remote.AbstractRemoteTestNG.run(AbstractRemoteTestNG.java:114)at org.testng.remote.RemoteTestNG.initAndRun(RemoteTestNG.java:251)at org.testng.remote.RemoteTestNG.main(RemoteTestNG.java:77)]]>
            </full-stacktrace>
          </exception> <!-- org.openqa.selenium.NoSuchElementException -->
          <reporter-output>
          </reporter-output>
        </test-method> <!-- verifyCruiseDetails -->
        <test-method is-config="true" signature="closeBrowser()[pri:0, instance:testcases.CruiseDetails@1eb5174b]" started-at="2018-08-19T00:34:39Z" name="closeBrowser" finished-at="2018-08-19T00:34:39Z" duration-ms="250" status="PASS">
          <reporter-output>
          </reporter-output>
        </test-method> <!-- closeBrowser -->
      </class> <!-- testcases.CruiseDetails -->
      <class name="testcases.VerifyPageTitle">
        <test-method is-config="true" signature="launchChromeBrowser()[pri:0, instance:testcases.VerifyPageTitle@79da8dc5]" started-at="2018-08-19T00:34:03Z" name="launchChromeBrowser" finished-at="2018-08-19T00:34:11Z" duration-ms="7823" status="PASS">
          <reporter-output>
          </reporter-output>
        </test-method> <!-- launchChromeBrowser -->
        <test-method signature="verifyPageTitle()[pri:0, instance:testcases.VerifyPageTitle@79da8dc5]" started-at="2018-08-19T00:34:11Z" name="verifyPageTitle" finished-at="2018-08-19T00:34:11Z" duration-ms="26" status="PASS">
          <reporter-output>
          </reporter-output>
        </test-method> <!-- verifyPageTitle -->
        <test-method is-config="true" signature="closeBrowser()[pri:0, instance:testcases.VerifyPageTitle@79da8dc5]" started-at="2018-08-19T00:34:11Z" name="closeBrowser" finished-at="2018-08-19T00:34:11Z" duration-ms="240" status="PASS">
          <reporter-output>
          </reporter-output>
        </test-method> <!-- closeBrowser -->
      </class> <!-- testcases.VerifyPageTitle -->
      <class name="testcases.LoignToTheApplication">
        <test-method is-config="true" signature="launchChromeBrowser()[pri:0, instance:testcases.LoignToTheApplication@c333c60]" started-at="2018-08-19T00:33:50Z" name="launchChromeBrowser" finished-at="2018-08-19T00:34:00Z" duration-ms="9396" status="PASS">
          <reporter-output>
          </reporter-output>
        </test-method> <!-- launchChromeBrowser -->
        <test-method signature="login()[pri:0, instance:testcases.LoignToTheApplication@c333c60]" started-at="2018-08-19T00:34:00Z" name="login" finished-at="2018-08-19T00:34:03Z" duration-ms="3225" status="PASS">
          <reporter-output>
          </reporter-output>
        </test-method> <!-- login -->
        <test-method is-config="true" signature="closeBrowser()[pri:0, instance:testcases.LoignToTheApplication@c333c60]" started-at="2018-08-19T00:34:03Z" name="closeBrowser" finished-at="2018-08-19T00:34:03Z" duration-ms="239" status="PASS">
          <reporter-output>
          </reporter-output>
        </test-method> <!-- closeBrowser -->
      </class> <!-- testcases.LoignToTheApplication -->
      <class name="testcases.RegisterUser">
        <test-method is-config="true" signature="launchChromeBrowser()[pri:0, instance:testcases.RegisterUser@11bd0f3b]" started-at="2018-08-19T00:33:32Z" name="launchChromeBrowser" finished-at="2018-08-19T00:33:41Z" duration-ms="9511" status="PASS">
          <reporter-output>
          </reporter-output>
        </test-method> <!-- launchChromeBrowser -->
        <test-method signature="registerUser()[pri:0, instance:testcases.RegisterUser@11bd0f3b]" started-at="2018-08-19T00:33:41Z" name="registerUser" finished-at="2018-08-19T00:33:50Z" duration-ms="8871" status="PASS">
          <reporter-output>
          </reporter-output>
        </test-method> <!-- registerUser -->
        <test-method is-config="true" signature="closeBrowser()[pri:0, instance:testcases.RegisterUser@11bd0f3b]" started-at="2018-08-19T00:33:50Z" name="closeBrowser" finished-at="2018-08-19T00:33:50Z" duration-ms="315" status="PASS">
          <reporter-output>
          </reporter-output>
        </test-method> <!-- closeBrowser -->
      </class> <!-- testcases.RegisterUser -->
    </test> <!-- Test -->
  </suite> <!-- Suite -->
</testng-results>
